  [1m[35m (102.9ms)[0m  [1m[35mCREATE DATABASE "Eventlite_development" ENCODING = 'unicode'[0m
  ↳ bin/rails:9
  [1m[35m (94.8ms)[0m  [1m[35mCREATE DATABASE "Eventlite_test" ENCODING = 'unicode'[0m
  ↳ bin/rails:9
  [1m[35m (13.1ms)[0m  [1m[35mCREATE TABLE "schema_migrations" ("version" character varying NOT NULL PRIMARY KEY)[0m
  ↳ bin/rails:9
  [1m[35m (12.9ms)[0m  [1m[35mCREATE TABLE "ar_internal_metadata" ("key" character varying NOT NULL PRIMARY KEY, "value" character varying, "created_at" timestamp NOT NULL, "updated_at" timestamp NOT NULL)[0m
  ↳ bin/rails:9
  [1m[35m (0.6ms)[0m  [1m[34mSELECT pg_try_advisory_lock(3340422866167941330)[0m
  ↳ bin/rails:9
  [1m[35m (1.0ms)[0m  [1m[34mSELECT "schema_migrations"."version" FROM "schema_migrations" ORDER BY "schema_migrations"."version" ASC[0m
  ↳ bin/rails:9
Migrating to CreateUsers (20210209004359)
  [1m[35m (1.0ms)[0m  [1m[35mBEGIN[0m
  ↳ bin/rails:9
  [1m[35m (9.6ms)[0m  [1m[35mCREATE TABLE "users" ("id" bigserial primary key, "email" character varying NOT NULL, "session_token" character varying NOT NULL, "password_digest" character varying NOT NULL, "first_name" character varying NOT NULL, "last_name" character varying NOT NULL, "created_at" timestamp NOT NULL, "updated_at" timestamp NOT NULL)[0m
  ↳ db/migrate/20210209004359_create_users.rb:3
  [1m[35m (1.6ms)[0m  [1m[35mCREATE UNIQUE INDEX  "index_users_on_email" ON "users"  ("email")[0m
  ↳ db/migrate/20210209004359_create_users.rb:11
  [1m[35m (3.1ms)[0m  [1m[35mCREATE UNIQUE INDEX  "index_users_on_session_token" ON "users"  ("session_token")[0m
  ↳ db/migrate/20210209004359_create_users.rb:12
  [1m[36mActiveRecord::SchemaMigration Create (0.6ms)[0m  [1m[32mINSERT INTO "schema_migrations" ("version") VALUES ($1) RETURNING "version"[0m  [["version", "20210209004359"]]
  ↳ bin/rails:9
  [1m[35m (0.4ms)[0m  [1m[35mCOMMIT[0m
  ↳ bin/rails:9
  [1m[36mActiveRecord::InternalMetadata Load (0.4ms)[0m  [1m[34mSELECT  "ar_internal_metadata".* FROM "ar_internal_metadata" WHERE "ar_internal_metadata"."key" = $1 LIMIT $2[0m  [["key", "environment"], ["LIMIT", 1]]
  ↳ bin/rails:9
  [1m[35m (0.2ms)[0m  [1m[35mBEGIN[0m
  ↳ bin/rails:9
  [1m[36mActiveRecord::InternalMetadata Create (0.5ms)[0m  [1m[32mINSERT INTO "ar_internal_metadata" ("key", "value", "created_at", "updated_at") VALUES ($1, $2, $3, $4) RETURNING "key"[0m  [["key", "environment"], ["value", "development"], ["created_at", "2021-02-09 01:04:25.581487"], ["updated_at", "2021-02-09 01:04:25.581487"]]
  ↳ bin/rails:9
  [1m[35m (0.5ms)[0m  [1m[35mCOMMIT[0m
  ↳ bin/rails:9
  [1m[35m (0.4ms)[0m  [1m[34mSELECT pg_advisory_unlock(3340422866167941330)[0m
  ↳ bin/rails:9
  [1m[35m (0.3ms)[0m  [1m[34mSELECT "schema_migrations"."version" FROM "schema_migrations" ORDER BY "schema_migrations"."version" ASC[0m
  ↳ bin/rails:9
  [1m[36mUser Load (1.0ms)[0m  [1m[34mSELECT "users".* FROM "users"[0m
Started GET "/" for ::1 at 2021-02-09 10:31:19 -0800
  [1m[35m (2.8ms)[0m  [1m[34mSELECT "schema_migrations"."version" FROM "schema_migrations" ORDER BY "schema_migrations"."version" ASC[0m
  ↳ /Users/makonobo/.rbenv/versions/2.5.1/lib/ruby/gems/2.5.0/gems/activerecord-5.2.4.4/lib/active_record/log_subscriber.rb:98
Processing by StaticPagesController#root as HTML
  Rendering static_pages/root.html.erb within layouts/application
  Rendered static_pages/root.html.erb within layouts/application (1.2ms)
Completed 200 OK in 1275ms (Views: 1273.0ms | ActiveRecord: 0.0ms)


Started GET "/" for ::1 at 2021-02-09 10:53:11 -0800
Processing by StaticPagesController#root as HTML
  Rendering static_pages/root.html.erb within layouts/application
  Rendered static_pages/root.html.erb within layouts/application (0.6ms)
Completed 200 OK in 83ms (Views: 81.0ms | ActiveRecord: 0.0ms)


Started GET "/" for ::1 at 2021-02-09 10:53:27 -0800
Processing by StaticPagesController#root as HTML
  Rendering static_pages/root.html.erb within layouts/application
  Rendered static_pages/root.html.erb within layouts/application (0.4ms)
Completed 200 OK in 320ms (Views: 317.1ms | ActiveRecord: 0.0ms)


Started GET "/" for ::1 at 2021-02-09 10:53:55 -0800
Processing by StaticPagesController#root as HTML
  Rendering static_pages/root.html.erb within layouts/application
  Rendered static_pages/root.html.erb within layouts/application (0.4ms)
Completed 200 OK in 275ms (Views: 271.7ms | ActiveRecord: 0.0ms)


  [1m[35m (1.6ms)[0m  [1m[35mCREATE DATABASE "Eventlite_development" ENCODING = 'unicode'[0m
  ↳ bin/rails:9
  [1m[35m (1.0ms)[0m  [1m[35mCREATE DATABASE "Eventlite_test" ENCODING = 'unicode'[0m
  ↳ bin/rails:9
  [1m[35m (1.0ms)[0m  [1m[34mSELECT "schema_migrations"."version" FROM "schema_migrations" ORDER BY "schema_migrations"."version" ASC[0m
  ↳ bin/rails:9
  [1m[35m (4.2ms)[0m  [1m[34mSELECT "ar_internal_metadata"."value" FROM "ar_internal_metadata" WHERE "ar_internal_metadata"."key" = $1[0m  [["key", "environment"]]
  ↳ bin/rails:9
  [1m[35m (0.3ms)[0m  [1m[34mSELECT "schema_migrations"."version" FROM "schema_migrations" ORDER BY "schema_migrations"."version" ASC[0m
  ↳ bin/rails:9
  [1m[35m (0.5ms)[0m  [1m[34mSELECT "ar_internal_metadata"."value" FROM "ar_internal_metadata" WHERE "ar_internal_metadata"."key" = $1[0m  [["key", "environment"]]
  ↳ bin/rails:9
  [1m[35m (0.3ms)[0m  [1m[34mSELECT "schema_migrations"."version" FROM "schema_migrations" ORDER BY "schema_migrations"."version" ASC[0m
  ↳ bin/rails:9
  [1m[35m (0.3ms)[0m  [1m[34mSELECT "ar_internal_metadata"."value" FROM "ar_internal_metadata" WHERE "ar_internal_metadata"."key" = $1[0m  [["key", "environment"]]
  ↳ bin/rails:9
  [1m[35mSQL (3.1ms)[0m  [1m[35mCREATE EXTENSION IF NOT EXISTS "plpgsql"[0m
  ↳ db/schema.rb:16
  [1m[35m (16.2ms)[0m  [1m[35mDROP TABLE IF EXISTS "users" CASCADE[0m
  ↳ db/schema.rb:18
  [1m[35m (24.9ms)[0m  [1m[35mCREATE TABLE "users" ("id" bigserial primary key, "email" character varying NOT NULL, "session_token" character varying NOT NULL, "password_digest" character varying NOT NULL, "first_name" character varying NOT NULL, "last_name" character varying NOT NULL, "created_at" timestamp NOT NULL, "updated_at" timestamp NOT NULL)[0m
  ↳ db/schema.rb:18
  [1m[35m (1.5ms)[0m  [1m[35mCREATE UNIQUE INDEX  "index_users_on_email" ON "users"  ("email")[0m
  ↳ db/schema.rb:18
  [1m[35m (2.1ms)[0m  [1m[35mCREATE UNIQUE INDEX  "index_users_on_session_token" ON "users"  ("session_token")[0m
  ↳ db/schema.rb:18
  [1m[35m (1.0ms)[0m  [1m[34mSELECT "schema_migrations"."version" FROM "schema_migrations" ORDER BY "schema_migrations"."version" ASC[0m
  ↳ db/schema.rb:13
  [1m[36mActiveRecord::InternalMetadata Load (0.4ms)[0m  [1m[34mSELECT  "ar_internal_metadata".* FROM "ar_internal_metadata" WHERE "ar_internal_metadata"."key" = $1 LIMIT $2[0m  [["key", "environment"], ["LIMIT", 1]]
  ↳ db/schema.rb:13
  [1m[35m (0.2ms)[0m  [1m[35mBEGIN[0m
  ↳ db/schema.rb:13
  [1m[35m (0.1ms)[0m  [1m[35mCOMMIT[0m
  ↳ db/schema.rb:13
  [1m[36mActiveRecord::InternalMetadata Load (0.2ms)[0m  [1m[34mSELECT  "ar_internal_metadata".* FROM "ar_internal_metadata" WHERE "ar_internal_metadata"."key" = $1 LIMIT $2[0m  [["key", "environment"], ["LIMIT", 1]]
  ↳ bin/rails:9
  [1m[35m (0.1ms)[0m  [1m[35mBEGIN[0m
  ↳ bin/rails:9
  [1m[35m (0.2ms)[0m  [1m[35mCOMMIT[0m
  ↳ bin/rails:9
  [1m[35mSQL (2.0ms)[0m  [1m[35mCREATE EXTENSION IF NOT EXISTS "plpgsql"[0m
  ↳ db/schema.rb:16
  [1m[35m (0.3ms)[0m  [1m[35mDROP TABLE IF EXISTS "users" CASCADE[0m
  ↳ db/schema.rb:18
  [1m[35m (35.5ms)[0m  [1m[35mCREATE TABLE "users" ("id" bigserial primary key, "email" character varying NOT NULL, "session_token" character varying NOT NULL, "password_digest" character varying NOT NULL, "first_name" character varying NOT NULL, "last_name" character varying NOT NULL, "created_at" timestamp NOT NULL, "updated_at" timestamp NOT NULL)[0m
  ↳ db/schema.rb:18
  [1m[35m (2.1ms)[0m  [1m[35mCREATE UNIQUE INDEX  "index_users_on_email" ON "users"  ("email")[0m
  ↳ db/schema.rb:18
  [1m[35m (2.3ms)[0m  [1m[35mCREATE UNIQUE INDEX  "index_users_on_session_token" ON "users"  ("session_token")[0m
  ↳ db/schema.rb:18
  [1m[35m (5.0ms)[0m  [1m[35mCREATE TABLE "schema_migrations" ("version" character varying NOT NULL PRIMARY KEY)[0m
  ↳ db/schema.rb:13
  [1m[35m (0.8ms)[0m  [1m[34mSELECT "schema_migrations"."version" FROM "schema_migrations" ORDER BY "schema_migrations"."version" ASC[0m
  ↳ db/schema.rb:13
  [1m[35m (0.7ms)[0m  [1m[32mINSERT INTO "schema_migrations" (version) VALUES (20210209004359)[0m
  ↳ db/schema.rb:13
  [1m[35m (3.9ms)[0m  [1m[35mCREATE TABLE "ar_internal_metadata" ("key" character varying NOT NULL PRIMARY KEY, "value" character varying, "created_at" timestamp NOT NULL, "updated_at" timestamp NOT NULL)[0m
  ↳ db/schema.rb:13
  [1m[36mActiveRecord::InternalMetadata Load (0.4ms)[0m  [1m[34mSELECT  "ar_internal_metadata".* FROM "ar_internal_metadata" WHERE "ar_internal_metadata"."key" = $1 LIMIT $2[0m  [["key", "environment"], ["LIMIT", 1]]
  ↳ db/schema.rb:13
  [1m[35m (0.2ms)[0m  [1m[35mBEGIN[0m
  ↳ db/schema.rb:13
  [1m[36mActiveRecord::InternalMetadata Create (0.7ms)[0m  [1m[32mINSERT INTO "ar_internal_metadata" ("key", "value", "created_at", "updated_at") VALUES ($1, $2, $3, $4) RETURNING "key"[0m  [["key", "environment"], ["value", "development"], ["created_at", "2021-02-09 18:55:03.661139"], ["updated_at", "2021-02-09 18:55:03.661139"]]
  ↳ db/schema.rb:13
  [1m[35m (0.5ms)[0m  [1m[35mCOMMIT[0m
  ↳ db/schema.rb:13
  [1m[36mActiveRecord::InternalMetadata Load (0.6ms)[0m  [1m[34mSELECT  "ar_internal_metadata".* FROM "ar_internal_metadata" WHERE "ar_internal_metadata"."key" = $1 LIMIT $2[0m  [["key", "environment"], ["LIMIT", 1]]
  ↳ bin/rails:9
  [1m[35m (0.2ms)[0m  [1m[35mBEGIN[0m
  ↳ bin/rails:9
  [1m[36mActiveRecord::InternalMetadata Update (7.7ms)[0m  [1m[33mUPDATE "ar_internal_metadata" SET "value" = $1, "updated_at" = $2 WHERE "ar_internal_metadata"."key" = $3[0m  [["value", "test"], ["updated_at", "2021-02-09 18:55:03.667661"], ["key", "environment"]]
  ↳ bin/rails:9
  [1m[35m (7.6ms)[0m  [1m[35mCOMMIT[0m
  ↳ bin/rails:9
  [1m[35m (1.1ms)[0m  [1m[34mSELECT "schema_migrations"."version" FROM "schema_migrations" ORDER BY "schema_migrations"."version" ASC[0m
  ↳ bin/rails:9
  [1m[36mUser Load (2.8ms)[0m  [1m[34mSELECT "users".* FROM "users"[0m
Started GET "/users" for ::1 at 2021-02-09 11:33:12 -0800
  
ActionController::RoutingError (No route matches [GET] "/users"):
  
actionpack (5.2.4.4) lib/action_dispatch/middleware/debug_exceptions.rb:65:in `call'
web-console (3.7.0) lib/web_console/middleware.rb:135:in `call_app'
web-console (3.7.0) lib/web_console/middleware.rb:30:in `block in call'
web-console (3.7.0) lib/web_console/middleware.rb:20:in `catch'
web-console (3.7.0) lib/web_console/middleware.rb:20:in `call'
actionpack (5.2.4.4) lib/action_dispatch/middleware/show_exceptions.rb:33:in `call'
railties (5.2.4.4) lib/rails/rack/logger.rb:38:in `call_app'
railties (5.2.4.4) lib/rails/rack/logger.rb:26:in `block in call'
activesupport (5.2.4.4) lib/active_support/tagged_logging.rb:71:in `block in tagged'
activesupport (5.2.4.4) lib/active_support/tagged_logging.rb:28:in `tagged'
activesupport (5.2.4.4) lib/active_support/tagged_logging.rb:71:in `tagged'
railties (5.2.4.4) lib/rails/rack/logger.rb:26:in `call'
sprockets-rails (3.2.2) lib/sprockets/rails/quiet_assets.rb:13:in `call'
actionpack (5.2.4.4) lib/action_dispatch/middleware/remote_ip.rb:81:in `call'
actionpack (5.2.4.4) lib/action_dispatch/middleware/request_id.rb:27:in `call'
rack (2.2.3) lib/rack/method_override.rb:24:in `call'
rack (2.2.3) lib/rack/runtime.rb:22:in `call'
activesupport (5.2.4.4) lib/active_support/cache/strategy/local_cache_middleware.rb:29:in `call'
actionpack (5.2.4.4) lib/action_dispatch/middleware/executor.rb:14:in `call'
actionpack (5.2.4.4) lib/action_dispatch/middleware/static.rb:127:in `call'
rack (2.2.3) lib/rack/sendfile.rb:110:in `call'
railties (5.2.4.4) lib/rails/engine.rb:524:in `call'
puma (3.12.6) lib/puma/configuration.rb:227:in `call'
puma (3.12.6) lib/puma/server.rb:706:in `handle_request'
puma (3.12.6) lib/puma/server.rb:476:in `process_client'
puma (3.12.6) lib/puma/server.rb:334:in `block in run'
puma (3.12.6) lib/puma/thread_pool.rb:135:in `block in spawn_thread'
Started GET "/" for ::1 at 2021-02-09 11:33:15 -0800
Processing by StaticPagesController#root as HTML
  Rendering static_pages/root.html.erb within layouts/application
  Rendered static_pages/root.html.erb within layouts/application (0.3ms)
Completed 200 OK in 36ms (Views: 34.6ms | ActiveRecord: 0.0ms)


Started GET "/" for ::1 at 2021-02-09 11:46:20 -0800
Processing by StaticPagesController#root as HTML
  Rendering static_pages/root.html.erb within layouts/application
  Rendered static_pages/root.html.erb within layouts/application (0.3ms)
Completed 200 OK in 26ms (Views: 22.8ms | ActiveRecord: 0.0ms)


Started GET "/" for ::1 at 2021-02-09 11:47:01 -0800
Processing by StaticPagesController#root as HTML
  Rendering static_pages/root.html.erb within layouts/application
  Rendered static_pages/root.html.erb within layouts/application (0.4ms)
Completed 200 OK in 285ms (Views: 282.9ms | ActiveRecord: 0.0ms)


Started GET "/" for ::1 at 2021-02-09 11:51:05 -0800
Processing by StaticPagesController#root as HTML
  Rendering static_pages/root.html.erb within layouts/application
  Rendered static_pages/root.html.erb within layouts/application (0.3ms)
Completed 200 OK in 384ms (Views: 382.2ms | ActiveRecord: 0.0ms)


Started GET "/" for ::1 at 2021-02-09 11:52:21 -0800
Processing by StaticPagesController#root as HTML
  Rendering static_pages/root.html.erb within layouts/application
  Rendered static_pages/root.html.erb within layouts/application (0.7ms)
Completed 200 OK in 35ms (Views: 32.1ms | ActiveRecord: 0.0ms)


Started GET "/" for ::1 at 2021-02-09 11:53:25 -0800
Processing by StaticPagesController#root as HTML
  Rendering static_pages/root.html.erb within layouts/application
  Rendered static_pages/root.html.erb within layouts/application (0.3ms)
Completed 500 Internal Server Error in 27ms (ActiveRecord: 0.0ms)



Sprockets::FileNotFound - couldn't find file 'jquery' with type 'application/javascript'
Checked in these paths: 
  /Users/makonobo/Desktop/Eventlite/app/assets/config
  /Users/makonobo/Desktop/Eventlite/app/assets/images
  /Users/makonobo/Desktop/Eventlite/app/assets/javascripts
  /Users/makonobo/Desktop/Eventlite/app/assets/stylesheets
  /Users/makonobo/.rbenv/versions/2.5.1/lib/ruby/gems/2.5.0/gems/coffee-rails-4.2.2/lib/assets/javascripts
  /Users/makonobo/.rbenv/versions/2.5.1/lib/ruby/gems/2.5.0/gems/actioncable-5.2.4.4/lib/assets/compiled
  /Users/makonobo/.rbenv/versions/2.5.1/lib/ruby/gems/2.5.0/gems/activestorage-5.2.4.4/app/assets/javascripts
  /Users/makonobo/.rbenv/versions/2.5.1/lib/ruby/gems/2.5.0/gems/actionview-5.2.4.4/lib/assets/compiled
  /Users/makonobo/Desktop/Eventlite/node_modules:
  app/views/layouts/application.html.erb:9:in `_app_views_layouts_application_html_erb___2339678257544023816_70212080015880'

Started POST "/__better_errors/42fb817806cfa3dd/variables" for ::1 at 2021-02-09 11:53:26 -0800
Started GET "/" for ::1 at 2021-02-09 11:55:24 -0800
  [1m[35m (1.6ms)[0m  [1m[34mSELECT "schema_migrations"."version" FROM "schema_migrations" ORDER BY "schema_migrations"."version" ASC[0m
  ↳ /Users/makonobo/.rbenv/versions/2.5.1/lib/ruby/gems/2.5.0/gems/activerecord-5.2.4.4/lib/active_record/log_subscriber.rb:98
Processing by StaticPagesController#root as HTML
  Rendering static_pages/root.html.erb within layouts/application
  Rendered static_pages/root.html.erb within layouts/application (1.3ms)
Completed 200 OK in 1892ms (Views: 1887.7ms | ActiveRecord: 0.0ms)


Started DELETE "/api/sessions" for ::1 at 2021-02-09 11:55:32 -0800
  
ActionController::RoutingError (No route matches [DELETE] "/api/sessions"):
  
actionpack (5.2.4.4) lib/action_dispatch/middleware/debug_exceptions.rb:65:in `call'
web-console (3.7.0) lib/web_console/middleware.rb:135:in `call_app'
web-console (3.7.0) lib/web_console/middleware.rb:30:in `block in call'
web-console (3.7.0) lib/web_console/middleware.rb:20:in `catch'
web-console (3.7.0) lib/web_console/middleware.rb:20:in `call'
actionpack (5.2.4.4) lib/action_dispatch/middleware/show_exceptions.rb:33:in `call'
railties (5.2.4.4) lib/rails/rack/logger.rb:38:in `call_app'
railties (5.2.4.4) lib/rails/rack/logger.rb:26:in `block in call'
activesupport (5.2.4.4) lib/active_support/tagged_logging.rb:71:in `block in tagged'
activesupport (5.2.4.4) lib/active_support/tagged_logging.rb:28:in `tagged'
activesupport (5.2.4.4) lib/active_support/tagged_logging.rb:71:in `tagged'
railties (5.2.4.4) lib/rails/rack/logger.rb:26:in `call'
sprockets-rails (3.2.2) lib/sprockets/rails/quiet_assets.rb:13:in `call'
actionpack (5.2.4.4) lib/action_dispatch/middleware/remote_ip.rb:81:in `call'
actionpack (5.2.4.4) lib/action_dispatch/middleware/request_id.rb:27:in `call'
rack (2.2.3) lib/rack/method_override.rb:24:in `call'
rack (2.2.3) lib/rack/runtime.rb:22:in `call'
activesupport (5.2.4.4) lib/active_support/cache/strategy/local_cache_middleware.rb:29:in `call'
actionpack (5.2.4.4) lib/action_dispatch/middleware/executor.rb:14:in `call'
actionpack (5.2.4.4) lib/action_dispatch/middleware/static.rb:127:in `call'
rack (2.2.3) lib/rack/sendfile.rb:110:in `call'
railties (5.2.4.4) lib/rails/engine.rb:524:in `call'
puma (3.12.6) lib/puma/configuration.rb:227:in `call'
puma (3.12.6) lib/puma/server.rb:706:in `handle_request'
puma (3.12.6) lib/puma/server.rb:476:in `process_client'
puma (3.12.6) lib/puma/server.rb:334:in `block in run'
puma (3.12.6) lib/puma/thread_pool.rb:135:in `block in spawn_thread'
Started GET "/" for ::1 at 2021-02-09 11:57:13 -0800
Processing by StaticPagesController#root as HTML
  Rendering static_pages/root.html.erb within layouts/application
  Rendered static_pages/root.html.erb within layouts/application (0.3ms)
Completed 200 OK in 36ms (Views: 33.9ms | ActiveRecord: 0.0ms)


Started GET "/" for ::1 at 2021-02-09 11:59:09 -0800
Processing by StaticPagesController#root as HTML
  Rendering static_pages/root.html.erb within layouts/application
  Rendered static_pages/root.html.erb within layouts/application (0.7ms)
Completed 200 OK in 407ms (Views: 404.7ms | ActiveRecord: 0.0ms)


Started GET "/" for ::1 at 2021-02-09 12:08:09 -0800
Processing by StaticPagesController#root as HTML
  Rendering static_pages/root.html.erb within layouts/application
  Rendered static_pages/root.html.erb within layouts/application (0.3ms)
Completed 200 OK in 55ms (Views: 51.1ms | ActiveRecord: 0.0ms)


Started POST "/api/users" for ::1 at 2021-02-09 12:09:06 -0800
Processing by Api::UsersController#create as JSON
  Parameters: {"user"=>{"email"=>"mako", "password"=>"[FILTERED]"}}
Unpermitted parameter: :password
  [1m[35m (0.2ms)[0m  [1m[35mBEGIN[0m
  ↳ app/controllers/api/users_controller.rb:14
  [1m[36mUser Exists (1.3ms)[0m  [1m[34mSELECT  1 AS one FROM "users" WHERE "users"."email" = $1 LIMIT $2[0m  [["email", "mako"], ["LIMIT", 1]]
  ↳ app/controllers/api/users_controller.rb:14
  [1m[36mUser Exists (0.4ms)[0m  [1m[34mSELECT  1 AS one FROM "users" WHERE "users"."session_token" = $1 LIMIT $2[0m  [["session_token", "GT8RQmo4TcpkR57YDphXeQ"], ["LIMIT", 1]]
  ↳ app/controllers/api/users_controller.rb:14
  [1m[35m (0.2ms)[0m  [1m[31mROLLBACK[0m
  ↳ app/controllers/api/users_controller.rb:14
Completed 422 Unprocessable Entity in 42ms (ActiveRecord: 15.2ms)



ActiveRecord::RecordInvalid - Validation failed: First name can't be blank, Last name can't be blank, Password digest can't be blank:
  app/controllers/api/users_controller.rb:14:in `create'

Started GET "/" for ::1 at 2021-02-09 12:10:29 -0800
Processing by StaticPagesController#root as HTML
  Rendering static_pages/root.html.erb within layouts/application
  Rendered static_pages/root.html.erb within layouts/application (0.6ms)
Completed 200 OK in 35ms (Views: 33.1ms | ActiveRecord: 0.0ms)


Started POST "/api/users" for ::1 at 2021-02-09 12:10:31 -0800
Processing by Api::UsersController#create as JSON
  Parameters: {"user"=>{"email"=>"mako", "password"=>"[FILTERED]"}}
Unpermitted parameter: :password
  [1m[35m (0.1ms)[0m  [1m[35mBEGIN[0m
  ↳ app/controllers/api/users_controller.rb:14
  [1m[36mUser Exists (0.4ms)[0m  [1m[34mSELECT  1 AS one FROM "users" WHERE "users"."email" = $1 LIMIT $2[0m  [["email", "mako"], ["LIMIT", 1]]
  ↳ app/controllers/api/users_controller.rb:14
  [1m[36mUser Exists (0.4ms)[0m  [1m[34mSELECT  1 AS one FROM "users" WHERE "users"."session_token" = $1 LIMIT $2[0m  [["session_token", "_wEFaIdCN9eU4U6wlUy9yQ"], ["LIMIT", 1]]
  ↳ app/controllers/api/users_controller.rb:14
  [1m[35m (0.4ms)[0m  [1m[31mROLLBACK[0m
  ↳ app/controllers/api/users_controller.rb:14
Completed 422 Unprocessable Entity in 25ms (ActiveRecord: 6.9ms)



ActiveRecord::RecordInvalid - Validation failed: First name can't be blank, Last name can't be blank, Password digest can't be blank:
  app/controllers/api/users_controller.rb:14:in `create'

  [1m[36mUser Load (2.2ms)[0m  [1m[34mSELECT "users".* FROM "users"[0m
  [1m[35m (0.2ms)[0m  [1m[35mBEGIN[0m
  [1m[36mUser Exists (12.4ms)[0m  [1m[34mSELECT  1 AS one FROM "users" WHERE "users"."email" = $1 LIMIT $2[0m  [["email", "hello"], ["LIMIT", 1]]
  [1m[36mUser Exists (1.1ms)[0m  [1m[34mSELECT  1 AS one FROM "users" WHERE "users"."session_token" = $1 LIMIT $2[0m  [["session_token", "yRtSV0H9YjdXYVw4_q7Y5g"], ["LIMIT", 1]]
  [1m[35m (0.3ms)[0m  [1m[31mROLLBACK[0m
  [1m[36mUser Load (0.4ms)[0m  [1m[34mSELECT "users".* FROM "users"[0m
Started POST "/api/users" for ::1 at 2021-02-09 12:11:51 -0800
Processing by Api::UsersController#create as JSON
  Parameters: {"user"=>{"email"=>"mako", "password"=>"[FILTERED]", "first_name"=>"michael", "last_name"=>"noble"}}
Unpermitted parameter: :password
  [1m[35m (0.4ms)[0m  [1m[35mBEGIN[0m
  ↳ app/controllers/api/users_controller.rb:14
  [1m[36mUser Exists (1.3ms)[0m  [1m[34mSELECT  1 AS one FROM "users" WHERE "users"."email" = $1 LIMIT $2[0m  [["email", "mako"], ["LIMIT", 1]]
  ↳ app/controllers/api/users_controller.rb:14
  [1m[36mUser Exists (0.4ms)[0m  [1m[34mSELECT  1 AS one FROM "users" WHERE "users"."session_token" = $1 LIMIT $2[0m  [["session_token", "uBHAiU9piZ_o8DlEcZVAuw"], ["LIMIT", 1]]
  ↳ app/controllers/api/users_controller.rb:14
  [1m[35m (0.2ms)[0m  [1m[31mROLLBACK[0m
  ↳ app/controllers/api/users_controller.rb:14
Completed 422 Unprocessable Entity in 9ms (ActiveRecord: 2.3ms)



ActiveRecord::RecordInvalid - Validation failed: Password digest can't be blank:
  app/controllers/api/users_controller.rb:14:in `create'

  [1m[35m (0.3ms)[0m  [1m[35mBEGIN[0m
  [1m[36mUser Exists (0.6ms)[0m  [1m[34mSELECT  1 AS one FROM "users" WHERE "users"."email" = $1 LIMIT $2[0m  [["email", "hello"], ["LIMIT", 1]]
  [1m[36mUser Exists (0.4ms)[0m  [1m[34mSELECT  1 AS one FROM "users" WHERE "users"."session_token" = $1 LIMIT $2[0m  [["session_token", "azHgTO8fVA2edEKGbCw_uQ"], ["LIMIT", 1]]
  [1m[36mUser Create (1.1ms)[0m  [1m[32mINSERT INTO "users" ("email", "session_token", "password_digest", "first_name", "last_name", "created_at", "updated_at") VALUES ($1, $2, $3, $4, $5, $6, $7) RETURNING "id"[0m  [["email", "hello"], ["session_token", "azHgTO8fVA2edEKGbCw_uQ"], ["password_digest", "$2a$12$FKb6KdFolcw3x.afm5JffeSFJkg5UdM.q.u7P68QMsPkCI2/LQnHq"], ["first_name", "mike"], ["last_name", "noble"], ["created_at", "2021-02-09 20:12:21.460393"], ["updated_at", "2021-02-09 20:12:21.460393"]]
  [1m[35m (0.7ms)[0m  [1m[35mCOMMIT[0m
  [1m[36mUser Load (0.4ms)[0m  [1m[34mSELECT "users".* FROM "users"[0m
  [1m[35m (0.3ms)[0m  [1m[35mBEGIN[0m
  [1m[36mUser Exists (0.4ms)[0m  [1m[34mSELECT  1 AS one FROM "users" WHERE "users"."email" = $1 LIMIT $2[0m  [["email", "hello"], ["LIMIT", 1]]
  [1m[36mUser Exists (0.7ms)[0m  [1m[34mSELECT  1 AS one FROM "users" WHERE "users"."session_token" = $1 LIMIT $2[0m  [["session_token", "psMzHYQmyUAQ_LWB9NmpUQ"], ["LIMIT", 1]]
  [1m[35m (0.2ms)[0m  [1m[31mROLLBACK[0m
Started GET "/" for ::1 at 2021-02-09 12:12:43 -0800
Processing by StaticPagesController#root as HTML
  Rendering static_pages/root.html.erb within layouts/application
  Rendered static_pages/root.html.erb within layouts/application (0.9ms)
Completed 200 OK in 32ms (Views: 29.8ms | ActiveRecord: 0.0ms)


Started POST "/api/users" for ::1 at 2021-02-09 12:14:47 -0800
Processing by Api::UsersController#create as JSON
  Parameters: {"user"=>{"email"=>"mako@gmail.com", "password"=>"[FILTERED]", "first_name"=>"michael", "last_name"=>"noble"}}
Unpermitted parameter: :password
  [1m[35m (0.2ms)[0m  [1m[35mBEGIN[0m
  ↳ app/controllers/api/users_controller.rb:14
  [1m[36mUser Exists (0.4ms)[0m  [1m[34mSELECT  1 AS one FROM "users" WHERE "users"."email" = $1 LIMIT $2[0m  [["email", "mako@gmail.com"], ["LIMIT", 1]]
  ↳ app/controllers/api/users_controller.rb:14
  [1m[36mUser Exists (0.5ms)[0m  [1m[34mSELECT  1 AS one FROM "users" WHERE "users"."session_token" = $1 LIMIT $2[0m  [["session_token", "LIqB-Fdrm_98DJB5bfwHFw"], ["LIMIT", 1]]
  ↳ app/controllers/api/users_controller.rb:14
  [1m[35m (0.2ms)[0m  [1m[31mROLLBACK[0m
  ↳ app/controllers/api/users_controller.rb:14
Completed 422 Unprocessable Entity in 8ms (ActiveRecord: 1.3ms)



ActiveRecord::RecordInvalid - Validation failed: Password digest can't be blank:
  app/controllers/api/users_controller.rb:14:in `create'

Started GET "/__better_errors" for ::1 at 2021-02-09 13:56:15 -0800
Started POST "/__better_errors/1a980dfab37321b5/variables" for ::1 at 2021-02-09 13:56:15 -0800
Started GET "/" for ::1 at 2021-02-09 14:02:06 -0800
Processing by StaticPagesController#root as HTML
  Rendering static_pages/root.html.erb within layouts/application
  Rendered static_pages/root.html.erb within layouts/application (0.4ms)
Completed 200 OK in 49ms (Views: 47.0ms | ActiveRecord: 0.0ms)


Started POST "/api/users" for ::1 at 2021-02-09 14:02:25 -0800
Processing by Api::UsersController#create as JSON
  Parameters: {"user"=>{"email"=>"mako@gmail.com", "password"=>"[FILTERED]", "first_name"=>"michael", "last_name"=>"noble"}}
Unpermitted parameter: :password
  [1m[35m (1.8ms)[0m  [1m[35mBEGIN[0m
  ↳ app/controllers/api/users_controller.rb:14
  [1m[36mUser Exists (2.6ms)[0m  [1m[34mSELECT  1 AS one FROM "users" WHERE "users"."email" = $1 LIMIT $2[0m  [["email", "mako@gmail.com"], ["LIMIT", 1]]
  ↳ app/controllers/api/users_controller.rb:14
  [1m[36mUser Exists (0.5ms)[0m  [1m[34mSELECT  1 AS one FROM "users" WHERE "users"."session_token" = $1 LIMIT $2[0m  [["session_token", "UolTLGWSK8KbWK22lhaXMg"], ["LIMIT", 1]]
  ↳ app/controllers/api/users_controller.rb:14
  [1m[35m (0.3ms)[0m  [1m[31mROLLBACK[0m
  ↳ app/controllers/api/users_controller.rb:14
Completed 422 Unprocessable Entity in 12ms (ActiveRecord: 5.2ms)



ActiveRecord::RecordInvalid - Validation failed: Password digest can't be blank:
  app/controllers/api/users_controller.rb:14:in `create'

Started GET "/" for ::1 at 2021-02-09 14:03:58 -0800
Processing by StaticPagesController#root as HTML
  Rendering static_pages/root.html.erb within layouts/application
  Rendered static_pages/root.html.erb within layouts/application (0.4ms)
Completed 200 OK in 31ms (Views: 28.3ms | ActiveRecord: 0.0ms)


Started POST "/api/users" for ::1 at 2021-02-09 14:04:03 -0800
Processing by Api::UsersController#create as JSON
  Parameters: {"user"=>{"email"=>"mako@gmail.com", "password"=>"[FILTERED]", "first_name"=>"michael", "last_name"=>"noble"}}
Unpermitted parameter: :password
  [1m[35m (0.2ms)[0m  [1m[35mBEGIN[0m
  ↳ app/controllers/api/users_controller.rb:14
  [1m[36mUser Exists (0.5ms)[0m  [1m[34mSELECT  1 AS one FROM "users" WHERE "users"."email" = $1 LIMIT $2[0m  [["email", "mako@gmail.com"], ["LIMIT", 1]]
  ↳ app/controllers/api/users_controller.rb:14
  [1m[36mUser Exists (0.3ms)[0m  [1m[34mSELECT  1 AS one FROM "users" WHERE "users"."session_token" = $1 LIMIT $2[0m  [["session_token", "rntQ-PCxGZ3nES32dk5orA"], ["LIMIT", 1]]
  ↳ app/controllers/api/users_controller.rb:14
  [1m[35m (0.2ms)[0m  [1m[31mROLLBACK[0m
  ↳ app/controllers/api/users_controller.rb:14
Completed 200 OK in 31ms (Views: 0.3ms | ActiveRecord: 11.4ms)


Started POST "/api/users" for ::1 at 2021-02-09 14:04:42 -0800
Processing by Api::UsersController#create as JSON
  Parameters: {"user"=>{"email"=>"maoeuko@gmail.com", "password"=>"[FILTERED]", "first_name"=>"michael", "last_name"=>"noble"}}
Unpermitted parameter: :password
  [1m[35m (0.2ms)[0m  [1m[35mBEGIN[0m
  ↳ app/controllers/api/users_controller.rb:14
  [1m[36mUser Exists (0.4ms)[0m  [1m[34mSELECT  1 AS one FROM "users" WHERE "users"."email" = $1 LIMIT $2[0m  [["email", "maoeuko@gmail.com"], ["LIMIT", 1]]
  ↳ app/controllers/api/users_controller.rb:14
  [1m[36mUser Exists (0.4ms)[0m  [1m[34mSELECT  1 AS one FROM "users" WHERE "users"."session_token" = $1 LIMIT $2[0m  [["session_token", "RqJV_bPE60BAZk926NxG4A"], ["LIMIT", 1]]
  ↳ app/controllers/api/users_controller.rb:14
  [1m[35m (0.2ms)[0m  [1m[31mROLLBACK[0m
  ↳ app/controllers/api/users_controller.rb:14
Completed 200 OK in 7ms (Views: 0.2ms | ActiveRecord: 1.2ms)


  [1m[36mUser Load (0.5ms)[0m  [1m[34mSELECT "users".* FROM "users"[0m
Started GET "/" for ::1 at 2021-02-09 14:05:27 -0800
Processing by StaticPagesController#root as HTML
  Rendering static_pages/root.html.erb within layouts/application
  Rendered static_pages/root.html.erb within layouts/application (0.3ms)
Completed 200 OK in 28ms (Views: 25.0ms | ActiveRecord: 0.0ms)


Started POST "/api/users" for ::1 at 2021-02-09 14:05:35 -0800
Processing by Api::UsersController#create as JSON
  Parameters: {"user"=>{"email"=>"maoeuko@gmail.com", "password"=>"[FILTERED]", "first_name"=>"michael", "last_name"=>"noble"}}
  [1m[35m (0.1ms)[0m  [1m[35mBEGIN[0m
  ↳ app/controllers/api/users_controller.rb:14
  [1m[36mUser Exists (0.5ms)[0m  [1m[34mSELECT  1 AS one FROM "users" WHERE "users"."email" = $1 LIMIT $2[0m  [["email", "maoeuko@gmail.com"], ["LIMIT", 1]]
  ↳ app/controllers/api/users_controller.rb:14
  [1m[36mUser Exists (0.6ms)[0m  [1m[34mSELECT  1 AS one FROM "users" WHERE "users"."session_token" = $1 LIMIT $2[0m  [["session_token", "ofeBTlHcodWH9MMFAaR9Ew"], ["LIMIT", 1]]
  ↳ app/controllers/api/users_controller.rb:14
  [1m[36mUser Create (0.6ms)[0m  [1m[32mINSERT INTO "users" ("email", "session_token", "password_digest", "first_name", "last_name", "created_at", "updated_at") VALUES ($1, $2, $3, $4, $5, $6, $7) RETURNING "id"[0m  [["email", "maoeuko@gmail.com"], ["session_token", "ofeBTlHcodWH9MMFAaR9Ew"], ["password_digest", "$2a$12$ND2pZcExwCHTNepcs1W/2u3o.CV/GMrrgTd.b6KuL9Niyvn9U/yvS"], ["first_name", "michael"], ["last_name", "noble"], ["created_at", "2021-02-09 22:05:35.638995"], ["updated_at", "2021-02-09 22:05:35.638995"]]
  ↳ app/controllers/api/users_controller.rb:14
  [1m[35m (1.3ms)[0m  [1m[35mCOMMIT[0m
  ↳ app/controllers/api/users_controller.rb:14
  [1m[35m (0.1ms)[0m  [1m[35mBEGIN[0m
  ↳ app/models/user.rb:27
  [1m[36mUser Exists (0.5ms)[0m  [1m[34mSELECT  1 AS one FROM "users" WHERE "users"."email" = $1 AND "users"."id" != $2 LIMIT $3[0m  [["email", "maoeuko@gmail.com"], ["id", 2], ["LIMIT", 1]]
  ↳ app/models/user.rb:27
  [1m[36mUser Exists (0.4ms)[0m  [1m[34mSELECT  1 AS one FROM "users" WHERE "users"."session_token" = $1 AND "users"."id" != $2 LIMIT $3[0m  [["session_token", "vThgRQ14PHwmx5nXxwxH7g"], ["id", 2], ["LIMIT", 1]]
  ↳ app/models/user.rb:27
  [1m[36mUser Update (0.9ms)[0m  [1m[33mUPDATE "users" SET "session_token" = $1, "updated_at" = $2 WHERE "users"."id" = $3[0m  [["session_token", "vThgRQ14PHwmx5nXxwxH7g"], ["updated_at", "2021-02-09 22:05:35.645235"], ["id", 2]]
  ↳ app/models/user.rb:27
  [1m[35m (0.4ms)[0m  [1m[35mCOMMIT[0m
  ↳ app/models/user.rb:27
Completed 200 OK in 298ms (Views: 0.2ms | ActiveRecord: 11.8ms)


  [1m[36mUser Load (0.4ms)[0m  [1m[34mSELECT "users".* FROM "users"[0m
Started GET "/" for ::1 at 2021-02-09 14:08:01 -0800
Processing by StaticPagesController#root as HTML
  Rendering static_pages/root.html.erb within layouts/application
  Rendered static_pages/root.html.erb within layouts/application (0.3ms)
Completed 200 OK in 339ms (Views: 336.0ms | ActiveRecord: 0.0ms)


Started POST "/api/users" for ::1 at 2021-02-09 14:08:30 -0800
Processing by Api::UsersController#create as JSON
  Parameters: {"user"=>{"user"=>{"email"=>"123", "password"=>"[FILTERED]", "first_name"=>"123", "last_name"=>"123"}}}
Unpermitted parameter: :user
  [1m[35m (0.8ms)[0m  [1m[35mBEGIN[0m
  ↳ app/controllers/api/users_controller.rb:14
  [1m[36mUser Exists (0.5ms)[0m  [1m[34mSELECT  1 AS one FROM "users" WHERE "users"."email" IS NULL LIMIT $1[0m  [["LIMIT", 1]]
  ↳ app/controllers/api/users_controller.rb:14
  [1m[36mUser Exists (0.6ms)[0m  [1m[34mSELECT  1 AS one FROM "users" WHERE "users"."session_token" = $1 LIMIT $2[0m  [["session_token", "0VGvnin-u3vUHvrtuowShw"], ["LIMIT", 1]]
  ↳ app/controllers/api/users_controller.rb:14
  [1m[35m (1.1ms)[0m  [1m[31mROLLBACK[0m
  ↳ app/controllers/api/users_controller.rb:14
Completed 200 OK in 12ms (Views: 0.2ms | ActiveRecord: 3.0ms)


  [1m[36mUser Load (0.5ms)[0m  [1m[34mSELECT "users".* FROM "users"[0m
Started GET "/" for ::1 at 2021-02-09 14:09:34 -0800
Processing by StaticPagesController#root as HTML
  Rendering static_pages/root.html.erb within layouts/application
  Rendered static_pages/root.html.erb within layouts/application (0.6ms)
Completed 200 OK in 365ms (Views: 360.8ms | ActiveRecord: 0.0ms)


Started GET "/" for ::1 at 2021-02-09 14:11:09 -0800
Processing by StaticPagesController#root as HTML
  Rendering static_pages/root.html.erb within layouts/application
  Rendered static_pages/root.html.erb within layouts/application (0.5ms)
Completed 200 OK in 334ms (Views: 332.7ms | ActiveRecord: 0.0ms)


Started GET "/" for ::1 at 2021-02-09 14:15:33 -0800
Processing by StaticPagesController#root as HTML
  Rendering static_pages/root.html.erb within layouts/application
  Rendered static_pages/root.html.erb within layouts/application (0.3ms)
Completed 200 OK in 338ms (Views: 336.2ms | ActiveRecord: 0.0ms)


Started POST "/api/users" for ::1 at 2021-02-09 14:16:48 -0800
Processing by Api::UsersController#create as JSON
  Parameters: {"user"=>{"email"=>"123", "password"=>"[FILTERED]", "first_name"=>"123", "last_name"=>"123"}}
  [1m[35m (0.2ms)[0m  [1m[35mBEGIN[0m
  ↳ app/controllers/api/users_controller.rb:14
  [1m[36mUser Exists (0.3ms)[0m  [1m[34mSELECT  1 AS one FROM "users" WHERE "users"."email" = $1 LIMIT $2[0m  [["email", "123"], ["LIMIT", 1]]
  ↳ app/controllers/api/users_controller.rb:14
  [1m[36mUser Exists (0.4ms)[0m  [1m[34mSELECT  1 AS one FROM "users" WHERE "users"."session_token" = $1 LIMIT $2[0m  [["session_token", "5kGTu43TGuC2yz0qU1JaCA"], ["LIMIT", 1]]
  ↳ app/controllers/api/users_controller.rb:14
  [1m[36mUser Create (0.5ms)[0m  [1m[32mINSERT INTO "users" ("email", "session_token", "password_digest", "first_name", "last_name", "created_at", "updated_at") VALUES ($1, $2, $3, $4, $5, $6, $7) RETURNING "id"[0m  [["email", "123"], ["session_token", "5kGTu43TGuC2yz0qU1JaCA"], ["password_digest", "$2a$12$/Bom5EgFg4RYSePcYlmtJuox3FRuh7YE9fwG9.sOQJ.ruaigrWw42"], ["first_name", "123"], ["last_name", "123"], ["created_at", "2021-02-09 22:16:48.850555"], ["updated_at", "2021-02-09 22:16:48.850555"]]
  ↳ app/controllers/api/users_controller.rb:14
  [1m[35m (0.7ms)[0m  [1m[35mCOMMIT[0m
  ↳ app/controllers/api/users_controller.rb:14
  [1m[35m (0.1ms)[0m  [1m[35mBEGIN[0m
  ↳ app/models/user.rb:27
  [1m[36mUser Exists (0.5ms)[0m  [1m[34mSELECT  1 AS one FROM "users" WHERE "users"."email" = $1 AND "users"."id" != $2 LIMIT $3[0m  [["email", "123"], ["id", 3], ["LIMIT", 1]]
  ↳ app/models/user.rb:27
  [1m[36mUser Exists (0.5ms)[0m  [1m[34mSELECT  1 AS one FROM "users" WHERE "users"."session_token" = $1 AND "users"."id" != $2 LIMIT $3[0m  [["session_token", "_nYNpOVHcj4jKWiCFdDt6w"], ["id", 3], ["LIMIT", 1]]
  ↳ app/models/user.rb:27
  [1m[36mUser Update (0.4ms)[0m  [1m[33mUPDATE "users" SET "session_token" = $1, "updated_at" = $2 WHERE "users"."id" = $3[0m  [["session_token", "_nYNpOVHcj4jKWiCFdDt6w"], ["updated_at", "2021-02-09 22:16:48.855742"], ["id", 3]]
  ↳ app/models/user.rb:27
  [1m[35m (0.4ms)[0m  [1m[35mCOMMIT[0m
  ↳ app/models/user.rb:27
Completed 200 OK in 273ms (Views: 0.2ms | ActiveRecord: 3.9ms)


  [1m[36mUser Load (0.4ms)[0m  [1m[34mSELECT "users".* FROM "users"[0m
Started POST "/api/sessions" for ::1 at 2021-02-09 14:17:23 -0800
  
ActionController::RoutingError (No route matches [POST] "/api/sessions"):
  
actionpack (5.2.4.4) lib/action_dispatch/middleware/debug_exceptions.rb:65:in `call'
web-console (3.7.0) lib/web_console/middleware.rb:135:in `call_app'
web-console (3.7.0) lib/web_console/middleware.rb:30:in `block in call'
web-console (3.7.0) lib/web_console/middleware.rb:20:in `catch'
web-console (3.7.0) lib/web_console/middleware.rb:20:in `call'
actionpack (5.2.4.4) lib/action_dispatch/middleware/show_exceptions.rb:33:in `call'
railties (5.2.4.4) lib/rails/rack/logger.rb:38:in `call_app'
railties (5.2.4.4) lib/rails/rack/logger.rb:26:in `block in call'
activesupport (5.2.4.4) lib/active_support/tagged_logging.rb:71:in `block in tagged'
activesupport (5.2.4.4) lib/active_support/tagged_logging.rb:28:in `tagged'
activesupport (5.2.4.4) lib/active_support/tagged_logging.rb:71:in `tagged'
railties (5.2.4.4) lib/rails/rack/logger.rb:26:in `call'
sprockets-rails (3.2.2) lib/sprockets/rails/quiet_assets.rb:13:in `call'
actionpack (5.2.4.4) lib/action_dispatch/middleware/remote_ip.rb:81:in `call'
actionpack (5.2.4.4) lib/action_dispatch/middleware/request_id.rb:27:in `call'
rack (2.2.3) lib/rack/method_override.rb:24:in `call'
rack (2.2.3) lib/rack/runtime.rb:22:in `call'
activesupport (5.2.4.4) lib/active_support/cache/strategy/local_cache_middleware.rb:29:in `call'
actionpack (5.2.4.4) lib/action_dispatch/middleware/executor.rb:14:in `call'
actionpack (5.2.4.4) lib/action_dispatch/middleware/static.rb:127:in `call'
rack (2.2.3) lib/rack/sendfile.rb:110:in `call'
railties (5.2.4.4) lib/rails/engine.rb:524:in `call'
puma (3.12.6) lib/puma/configuration.rb:227:in `call'
puma (3.12.6) lib/puma/server.rb:706:in `handle_request'
puma (3.12.6) lib/puma/server.rb:476:in `process_client'
puma (3.12.6) lib/puma/server.rb:334:in `block in run'
puma (3.12.6) lib/puma/thread_pool.rb:135:in `block in spawn_thread'
Started GET "/" for ::1 at 2021-02-09 14:17:45 -0800
Processing by StaticPagesController#root as HTML
  Rendering static_pages/root.html.erb within layouts/application
  Rendered static_pages/root.html.erb within layouts/application (0.4ms)
Completed 200 OK in 357ms (Views: 355.2ms | ActiveRecord: 0.0ms)


Started POST "/api/session" for ::1 at 2021-02-09 14:17:55 -0800
  
ActionController::RoutingError (No route matches [POST] "/api/session"):
  
actionpack (5.2.4.4) lib/action_dispatch/middleware/debug_exceptions.rb:65:in `call'
web-console (3.7.0) lib/web_console/middleware.rb:135:in `call_app'
web-console (3.7.0) lib/web_console/middleware.rb:30:in `block in call'
web-console (3.7.0) lib/web_console/middleware.rb:20:in `catch'
web-console (3.7.0) lib/web_console/middleware.rb:20:in `call'
actionpack (5.2.4.4) lib/action_dispatch/middleware/show_exceptions.rb:33:in `call'
railties (5.2.4.4) lib/rails/rack/logger.rb:38:in `call_app'
railties (5.2.4.4) lib/rails/rack/logger.rb:26:in `block in call'
activesupport (5.2.4.4) lib/active_support/tagged_logging.rb:71:in `block in tagged'
activesupport (5.2.4.4) lib/active_support/tagged_logging.rb:28:in `tagged'
activesupport (5.2.4.4) lib/active_support/tagged_logging.rb:71:in `tagged'
railties (5.2.4.4) lib/rails/rack/logger.rb:26:in `call'
sprockets-rails (3.2.2) lib/sprockets/rails/quiet_assets.rb:13:in `call'
actionpack (5.2.4.4) lib/action_dispatch/middleware/remote_ip.rb:81:in `call'
actionpack (5.2.4.4) lib/action_dispatch/middleware/request_id.rb:27:in `call'
rack (2.2.3) lib/rack/method_override.rb:24:in `call'
rack (2.2.3) lib/rack/runtime.rb:22:in `call'
activesupport (5.2.4.4) lib/active_support/cache/strategy/local_cache_middleware.rb:29:in `call'
actionpack (5.2.4.4) lib/action_dispatch/middleware/executor.rb:14:in `call'
actionpack (5.2.4.4) lib/action_dispatch/middleware/static.rb:127:in `call'
rack (2.2.3) lib/rack/sendfile.rb:110:in `call'
railties (5.2.4.4) lib/rails/engine.rb:524:in `call'
puma (3.12.6) lib/puma/configuration.rb:227:in `call'
puma (3.12.6) lib/puma/server.rb:706:in `handle_request'
puma (3.12.6) lib/puma/server.rb:476:in `process_client'
puma (3.12.6) lib/puma/server.rb:334:in `block in run'
puma (3.12.6) lib/puma/thread_pool.rb:135:in `block in spawn_thread'
Started GET "/" for ::1 at 2021-02-09 14:18:52 -0800
Processing by StaticPagesController#root as HTML
  Rendering static_pages/root.html.erb within layouts/application
  Rendered static_pages/root.html.erb within layouts/application (0.3ms)
Completed 200 OK in 25ms (Views: 23.5ms | ActiveRecord: 0.0ms)


Started POST "/api/session" for ::1 at 2021-02-09 14:18:58 -0800
Processing by Api::SessionsController#create as JSON
  Parameters: {"user"=>{"user"=>{"email"=>"123", "password"=>"[FILTERED]", "first_name"=>"123", "last_name"=>"123"}}}
Completed 500 Internal Server Error in 9ms (ActiveRecord: 1.9ms)



ActiveRecord::StatementInvalid - PG::UndefinedColumn: ERROR:  column users.username does not exist
LINE 1: SELECT  "users".* FROM "users" WHERE "users"."username" IS N...
                                             ^
: SELECT  "users".* FROM "users" WHERE "users"."username" IS NULL LIMIT $1:
  app/models/user.rb:10:in `find_by_credentials'
  app/controllers/api/sessions_controller.rb:8:in `create'

Started GET "/" for ::1 at 2021-02-09 14:20:17 -0800
Processing by StaticPagesController#root as HTML
  Rendering static_pages/root.html.erb within layouts/application
  Rendered static_pages/root.html.erb within layouts/application (0.3ms)
Completed 200 OK in 48ms (Views: 45.1ms | ActiveRecord: 0.0ms)


Started POST "/api/session" for ::1 at 2021-02-09 14:20:23 -0800
Processing by Api::SessionsController#create as JSON
  Parameters: {"user"=>{"user"=>{"email"=>"123", "password"=>"[FILTERED]", "first_name"=>"123", "last_name"=>"123"}}}
  [1m[36mUser Load (0.2ms)[0m  [1m[34mSELECT  "users".* FROM "users" WHERE "users"."email" IS NULL LIMIT $1[0m  [["LIMIT", 1]]
  ↳ app/models/user.rb:10
Completed 500 Internal Server Error in 7ms (ActiveRecord: 1.7ms)



NoMethodError - undefined method `errors' for nil:NilClass:
  app/controllers/api/sessions_controller.rb:13:in `create'

Started GET "/" for ::1 at 2021-02-09 14:21:17 -0800
Processing by StaticPagesController#root as HTML
  Rendering static_pages/root.html.erb within layouts/application
  Rendered static_pages/root.html.erb within layouts/application (0.3ms)
Completed 200 OK in 33ms (Views: 31.0ms | ActiveRecord: 0.0ms)


Started POST "/api/session" for ::1 at 2021-02-09 14:21:23 -0800
Processing by Api::SessionsController#create as JSON
  Parameters: {"user"=>{"user"=>{"email"=>"123", "password"=>"[FILTERED]", "first_name"=>"123", "last_name"=>"123"}}}
  [1m[36mUser Load (0.3ms)[0m  [1m[34mSELECT  "users".* FROM "users" WHERE "users"."email" IS NULL LIMIT $1[0m  [["LIMIT", 1]]
  ↳ app/models/user.rb:10
Completed 200 OK in 8ms (Views: 0.2ms | ActiveRecord: 1.7ms)


Started GET "/" for ::1 at 2021-02-09 14:22:34 -0800
Processing by StaticPagesController#root as HTML
  Rendering static_pages/root.html.erb within layouts/application
  Rendered static_pages/root.html.erb within layouts/application (0.3ms)
Completed 200 OK in 26ms (Views: 23.3ms | ActiveRecord: 0.0ms)


Started POST "/api/session" for ::1 at 2021-02-09 14:22:43 -0800
Processing by Api::SessionsController#create as JSON
  Parameters: {"user"=>{"user"=>{"email"=>"123", "password"=>"[FILTERED]", "first_name"=>"123", "last_name"=>"123"}}}
  [1m[36mUser Load (0.3ms)[0m  [1m[34mSELECT  "users".* FROM "users" WHERE "users"."email" IS NULL LIMIT $1[0m  [["LIMIT", 1]]
  ↳ app/models/user.rb:10
Completed 500 Internal Server Error in 8ms (ActiveRecord: 2.1ms)



NoMethodError - undefined method `log' for nil:NilClass:
  app/controllers/api/sessions_controller.rb:9:in `create'

Started GET "/__better_errors" for ::1 at 2021-02-09 14:23:32 -0800
Started POST "/__better_errors/8c62310f70d3f406/variables" for ::1 at 2021-02-09 14:23:32 -0800
  [1m[36mUser Load (0.4ms)[0m  [1m[34mSELECT  "users".* FROM "users" WHERE "users"."email" = $1 LIMIT $2[0m  [["email", "123"], ["LIMIT", 1]]
Started GET "/__better_errors" for ::1 at 2021-02-09 14:27:32 -0800
Started POST "/__better_errors/8c62310f70d3f406/variables" for ::1 at 2021-02-09 14:27:32 -0800
Started GET "/" for ::1 at 2021-02-09 14:28:06 -0800
Processing by StaticPagesController#root as HTML
  Rendering static_pages/root.html.erb within layouts/application
  Rendered static_pages/root.html.erb within layouts/application (0.3ms)
Completed 200 OK in 30ms (Views: 27.5ms | ActiveRecord: 0.0ms)


Started POST "/api/session" for ::1 at 2021-02-09 14:29:30 -0800
Processing by Api::SessionsController#create as JSON
  Parameters: {"user"=>{"email"=>"123", "password"=>"[FILTERED]", "first_name"=>"123", "last_name"=>"123"}}
  [1m[36mUser Load (0.8ms)[0m  [1m[34mSELECT  "users".* FROM "users" WHERE "users"."email" = $1 LIMIT $2[0m  [["email", "123"], ["LIMIT", 1]]
  ↳ app/models/user.rb:10
  [1m[35m (20.9ms)[0m  [1m[35mBEGIN[0m
  ↳ app/models/user.rb:27
  [1m[36mUser Exists (13.8ms)[0m  [1m[34mSELECT  1 AS one FROM "users" WHERE "users"."email" = $1 AND "users"."id" != $2 LIMIT $3[0m  [["email", "123"], ["id", 3], ["LIMIT", 1]]
  ↳ app/models/user.rb:27
  [1m[36mUser Exists (1.4ms)[0m  [1m[34mSELECT  1 AS one FROM "users" WHERE "users"."session_token" = $1 AND "users"."id" != $2 LIMIT $3[0m  [["session_token", "4rip4h5KieY_IKoKcHpjlw"], ["id", 3], ["LIMIT", 1]]
  ↳ app/models/user.rb:27
  [1m[36mUser Update (8.4ms)[0m  [1m[33mUPDATE "users" SET "session_token" = $1, "updated_at" = $2 WHERE "users"."id" = $3[0m  [["session_token", "4rip4h5KieY_IKoKcHpjlw"], ["updated_at", "2021-02-09 22:30:45.046568"], ["id", 3]]
  ↳ app/models/user.rb:27
  [1m[35m (3.1ms)[0m  [1m[35mCOMMIT[0m
  ↳ app/models/user.rb:27
  [1m[36mUser Load (3.3ms)[0m  [1m[34mSELECT  "users".* FROM "users" WHERE "users"."session_token" = $1 LIMIT $2[0m  [["session_token", "4rip4h5KieY_IKoKcHpjlw"], ["LIMIT", 1]]
  ↳ app/controllers/application_controller.rb:5
Completed 200 OK in 97553ms (Views: 0.3ms | ActiveRecord: 56.8ms)


Started GET "/" for ::1 at 2021-02-09 14:48:32 -0800
Processing by StaticPagesController#root as HTML
  Rendering static_pages/root.html.erb within layouts/application
  Rendered static_pages/root.html.erb within layouts/application (0.5ms)
Completed 200 OK in 264ms (Views: 260.7ms | ActiveRecord: 0.0ms)


Started POST "/api/session" for ::1 at 2021-02-09 14:48:44 -0800
Processing by Api::SessionsController#create as JSON
  Parameters: {"user"=>{"email"=>"123", "password"=>"[FILTERED]", "first_name"=>"123", "last_name"=>"123"}}
  [1m[36mUser Load (1.2ms)[0m  [1m[34mSELECT  "users".* FROM "users" WHERE "users"."email" = $1 LIMIT $2[0m  [["email", "123"], ["LIMIT", 1]]
  ↳ app/models/user.rb:10
  [1m[35m (1.0ms)[0m  [1m[35mBEGIN[0m
  ↳ app/models/user.rb:27
Started GET "/" for ::1 at 2021-02-09 14:50:02 -0800
  [1m[36mUser Exists (1.0ms)[0m  [1m[34mSELECT  1 AS one FROM "users" WHERE "users"."email" = $1 AND "users"."id" != $2 LIMIT $3[0m  [["email", "123"], ["id", 3], ["LIMIT", 1]]
  ↳ app/models/user.rb:27
  [1m[36mUser Exists (0.7ms)[0m  [1m[34mSELECT  1 AS one FROM "users" WHERE "users"."session_token" = $1 AND "users"."id" != $2 LIMIT $3[0m  [["session_token", "RyydEKzK4de40n2OdHWLzQ"], ["id", 3], ["LIMIT", 1]]
  ↳ app/models/user.rb:27
  [1m[36mUser Update (2.9ms)[0m  [1m[33mUPDATE "users" SET "session_token" = $1, "updated_at" = $2 WHERE "users"."id" = $3[0m  [["session_token", "RyydEKzK4de40n2OdHWLzQ"], ["updated_at", "2021-02-09 22:50:02.257073"], ["id", 3]]
  ↳ app/models/user.rb:27
  [1m[35m (2.1ms)[0m  [1m[35mCOMMIT[0m
  ↳ app/models/user.rb:27
Completed 200 OK in 77993ms (Views: 0.3ms | ActiveRecord: 23.1ms)


Processing by StaticPagesController#root as HTML
  Rendering static_pages/root.html.erb within layouts/application
  Rendered static_pages/root.html.erb within layouts/application (0.3ms)
Completed 200 OK in 323ms (Views: 321.4ms | ActiveRecord: 0.0ms)


Started GET "/" for ::1 at 2021-02-09 14:50:14 -0800
Processing by StaticPagesController#root as HTML
  Rendering static_pages/root.html.erb within layouts/application
  Rendered static_pages/root.html.erb within layouts/application (0.4ms)
Completed 200 OK in 35ms (Views: 31.7ms | ActiveRecord: 0.0ms)


Started GET "/" for ::1 at 2021-02-09 14:50:41 -0800
Processing by StaticPagesController#root as HTML
  Rendering static_pages/root.html.erb within layouts/application
  Rendered static_pages/root.html.erb within layouts/application (0.3ms)
Completed 200 OK in 328ms (Views: 325.6ms | ActiveRecord: 0.0ms)


Started GET "/" for ::1 at 2021-02-09 14:52:13 -0800
Processing by StaticPagesController#root as HTML
  Rendering static_pages/root.html.erb within layouts/application
  Rendered static_pages/root.html.erb within layouts/application (0.4ms)
Completed 200 OK in 31ms (Views: 29.2ms | ActiveRecord: 0.0ms)


Started POST "/api/session" for ::1 at 2021-02-09 14:52:21 -0800

SyntaxError - syntax error, unexpected keyword_else, expecting '}'
    else
    ^~~~:
  app/controllers/api/sessions_controller.rb:14:in `'

Started GET "/" for ::1 at 2021-02-09 14:52:36 -0800
Processing by StaticPagesController#root as HTML
  Rendering static_pages/root.html.erb within layouts/application
  Rendered static_pages/root.html.erb within layouts/application (0.3ms)
Completed 200 OK in 31ms (Views: 29.2ms | ActiveRecord: 0.0ms)


Started POST "/api/session" for ::1 at 2021-02-09 14:52:41 -0800
Processing by Api::SessionsController#create as JSON
  Parameters: {"user"=>{"email"=>"123", "password"=>"[FILTERED]", "first_name"=>"123", "last_name"=>"123"}}
  [1m[36mUser Load (1.3ms)[0m  [1m[34mSELECT  "users".* FROM "users" WHERE "users"."email" = $1 LIMIT $2[0m  [["email", "123"], ["LIMIT", 1]]
  ↳ app/models/user.rb:10
  [1m[35m (0.2ms)[0m  [1m[35mBEGIN[0m
  ↳ app/models/user.rb:27
  [1m[36mUser Exists (0.8ms)[0m  [1m[34mSELECT  1 AS one FROM "users" WHERE "users"."email" = $1 AND "users"."id" != $2 LIMIT $3[0m  [["email", "123"], ["id", 3], ["LIMIT", 1]]
  ↳ app/models/user.rb:27
  [1m[36mUser Exists (0.6ms)[0m  [1m[34mSELECT  1 AS one FROM "users" WHERE "users"."session_token" = $1 AND "users"."id" != $2 LIMIT $3[0m  [["session_token", "KiJq8iu38TwL1xVmIbwbLg"], ["id", 3], ["LIMIT", 1]]
  ↳ app/models/user.rb:27
  [1m[36mUser Update (0.9ms)[0m  [1m[33mUPDATE "users" SET "session_token" = $1, "updated_at" = $2 WHERE "users"."id" = $3[0m  [["session_token", "KiJq8iu38TwL1xVmIbwbLg"], ["updated_at", "2021-02-09 22:52:42.187036"], ["id", 3]]
  ↳ app/models/user.rb:27
  [1m[35m (0.8ms)[0m  [1m[35mCOMMIT[0m
  ↳ app/models/user.rb:27
Completed 200 OK in 300ms (Views: 0.2ms | ActiveRecord: 19.4ms)


Started GET "/" for ::1 at 2021-02-09 14:53:08 -0800
Processing by StaticPagesController#root as HTML
  Rendering static_pages/root.html.erb within layouts/application
  Rendered static_pages/root.html.erb within layouts/application (0.3ms)
Completed 200 OK in 30ms (Views: 27.9ms | ActiveRecord: 0.0ms)


Started POST "/api/session" for ::1 at 2021-02-09 14:53:13 -0800
Processing by Api::SessionsController#create as JSON
  Parameters: {"user"=>{"email"=>"123", "password"=>"[FILTERED]", "first_name"=>"123", "last_name"=>"123"}}
  [1m[36mUser Load (0.5ms)[0m  [1m[34mSELECT  "users".* FROM "users" WHERE "users"."email" = $1 LIMIT $2[0m  [["email", "123"], ["LIMIT", 1]]
  ↳ app/models/user.rb:10
  [1m[35m (0.2ms)[0m  [1m[35mBEGIN[0m
  ↳ app/models/user.rb:27
  [1m[36mUser Exists (0.5ms)[0m  [1m[34mSELECT  1 AS one FROM "users" WHERE "users"."email" = $1 AND "users"."id" != $2 LIMIT $3[0m  [["email", "123"], ["id", 3], ["LIMIT", 1]]
  ↳ app/models/user.rb:27
  [1m[36mUser Exists (0.5ms)[0m  [1m[34mSELECT  1 AS one FROM "users" WHERE "users"."session_token" = $1 AND "users"."id" != $2 LIMIT $3[0m  [["session_token", "WWLaRh3o7KxHkC6oqO5xzw"], ["id", 3], ["LIMIT", 1]]
  ↳ app/models/user.rb:27
  [1m[36mUser Update (0.5ms)[0m  [1m[33mUPDATE "users" SET "session_token" = $1, "updated_at" = $2 WHERE "users"."id" = $3[0m  [["session_token", "WWLaRh3o7KxHkC6oqO5xzw"], ["updated_at", "2021-02-09 22:53:13.494087"], ["id", 3]]
  ↳ app/models/user.rb:27
  [1m[35m (0.8ms)[0m  [1m[35mCOMMIT[0m
  ↳ app/models/user.rb:27
Completed 200 OK in 285ms (Views: 0.4ms | ActiveRecord: 10.4ms)


